<?xml version="1.0" encoding="UTF-8"?>
<testng-results ignored="0" total="2" passed="2" failed="0" skipped="0">
  <reporter-output>
  </reporter-output>
  <suite started-at="2023-05-05T09:57:18 ICT" name="Suite" finished-at="2023-05-05T09:57:37 ICT" duration-ms="19357">
    <groups>
    </groups>
    <test started-at="2023-05-05T09:57:18 ICT" name="FirstTest" finished-at="2023-05-05T09:57:37 ICT" duration-ms="19357">
      <class name="anhtester.com.Bai10_AnnotationTestNG.LoginCMS">
        <test-method is-config="true" signature="createDriver()[pri:0, instance:anhtester.com.Bai10_AnnotationTestNG.LoginCMS@214b199c]" started-at="2023-05-05T09:57:18 ICT" name="createDriver" finished-at="2023-05-05T09:57:23 ICT" duration-ms="4569" status="PASS">
          <reporter-output>
          </reporter-output>
        </test-method> <!-- createDriver -->
        <test-method signature="testAnhTesterBlog()[pri:1, instance:anhtester.com.Bai10_AnnotationTestNG.LoginCMS@214b199c]" started-at="2023-05-05T09:57:23 ICT" name="testAnhTesterBlog" description="Login AnhTester" finished-at="2023-05-05T09:57:29 ICT" duration-ms="5972" status="PASS">
          <reporter-output>
          </reporter-output>
        </test-method> <!-- testAnhTesterBlog -->
        <test-method is-config="true" signature="closeDriver()[pri:0, instance:anhtester.com.Bai10_AnnotationTestNG.LoginCMS@214b199c]" started-at="2023-05-05T09:57:29 ICT" name="closeDriver" finished-at="2023-05-05T09:57:29 ICT" duration-ms="386" status="PASS">
          <reporter-output>
          </reporter-output>
        </test-method> <!-- closeDriver -->
        <test-method is-config="true" signature="createDriver()[pri:0, instance:anhtester.com.Bai10_AnnotationTestNG.LoginCMS@214b199c]" started-at="2023-05-05T09:57:29 ICT" name="createDriver" finished-at="2023-05-05T09:57:31 ICT" duration-ms="1685" status="PASS">
          <reporter-output>
          </reporter-output>
        </test-method> <!-- createDriver -->
        <test-method signature="testLoginCMS()[pri:2, instance:anhtester.com.Bai10_AnnotationTestNG.LoginCMS@214b199c]" started-at="2023-05-05T09:57:31 ICT" name="testLoginCMS" description="Login CMS" finished-at="2023-05-05T09:57:37 ICT" duration-ms="6256" status="PASS">
          <reporter-output>
          </reporter-output>
        </test-method> <!-- testLoginCMS -->
        <test-method is-config="true" signature="closeDriver()[pri:0, instance:anhtester.com.Bai10_AnnotationTestNG.LoginCMS@214b199c]" started-at="2023-05-05T09:57:37 ICT" name="closeDriver" finished-at="2023-05-05T09:57:37 ICT" duration-ms="397" status="PASS">
          <reporter-output>
          </reporter-output>
        </test-method> <!-- closeDriver -->
      </class> <!-- anhtester.com.Bai10_AnnotationTestNG.LoginCMS -->
    </test> <!-- FirstTest -->
  </suite> <!-- Suite -->
</testng-results>
